<?xml version="1.0" encoding="UTF-8"?>
<!-- Generated by org.testng.reporters.JUnitReportReporter -->
<testsuite hostname="DESKTOP-U376SH8" failures="0" tests="4" name="com.orange.test.cases.HRMTestRunner" time="16.006" errors="0" timestamp="2025-01-14T06:56:04 IST" skipped="0">
  <testcase classname="com.orange.test.cases.HRMTestRunner" name="loginTest" time="8.002"/>
  <system-out/>
  <testcase classname="com.orange.test.cases.HRMTestRunner" name="verifyloginTest" time="2.135"/>
  <system-out/>
  <testcase classname="com.orange.test.cases.HRMTestRunner" name="logoutTest" time="2.422"/>
  <system-out/>
  <testcase classname="com.orange.test.cases.HRMTestRunner" name="forgotPasswordTest" time="3.447"/>
  <system-out/>
</testsuite> <!-- com.orange.test.cases.HRMTestRunner -->
